[2021-05-14 20:35:26] [INFO]: Executando a tarefa..
[2021-05-14 20:35:26] [WARNING]: Isto é um aviso.... a operação pode falhar...
[2021-05-14 20:35:26] [ERROR]: Isto é um erro. A operação falhou
[2021-05-14 20:36:54] [INFO]: Executando a tarefa..
[2021-05-14 20:37:18] [INFO]: Executando a tarefa..
[2021-05-14 20:38:48] [INFO]: O usuário  entrou...
[2021-05-14 20:38:51] [INFO]: O usuário  entrou...
[2021-05-14 20:38:52] [INFO]: O usuário  entrou...
[2021-05-14 20:38:53] [INFO]: O usuário  entrou...
[2021-05-14 20:38:53] [INFO]: O usuário  entrou...
[2021-05-14 20:38:54] [INFO]: O usuário  entrou...
[2021-05-14 20:38:55] [INFO]: O usuário  entrou...
[2021-05-14 20:38:55] [INFO]: O usuário  entrou...
[2021-05-14 20:38:56] [INFO]: O usuário  entrou...
[2021-05-14 20:38:57] [INFO]: O usuário  entrou...
[2021-05-14 20:39:40] [INFO]: O usuário entrou...
[2021-05-14 20:39:42] [INFO]: O usuário entrou...
[2021-05-14 21:01:08] [INFO]: O usuário entrou...
[2021-05-14 21:03:44] [INFO]: O usuário entrou...
[2021-05-14 21:03:56] [INFO]: O usuário entrou...
[2021-05-14 21:11:48] [INFO]: O usuário entrou...
[2021-05-14 21:15:37] [INFO]: O usuário entrou...
[2021-05-14 21:15:38] [INFO]: O usuário entrou...
[2021-05-14 21:22:43] [INFO]: O usuário entrou...
[2021-05-14 21:22:44] [INFO]: O usuário entrou...
[2021-05-14 21:22:45] [INFO]: O usuário entrou...
[2021-05-14 21:22:46] [INFO]: O usuário entrou...
[2021-05-14 21:23:06] [INFO]: O usuário entrou...
[2021-05-14 21:23:07] [INFO]: O usuário entrou...
[2021-05-14 21:23:08] [INFO]: O usuário entrou...
[2021-05-14 21:23:23] [INFO]: O usuário entrou...
[2021-05-14 21:25:03] [INFO]: O usuário entrou...
[2021-05-14 21:25:04] [INFO]: O usuário entrou...
[2021-05-14 21:25:05] [INFO]: O usuário entrou...
[2021-05-14 21:25:10] [INFO]: O usuário entrou...
[2021-05-14 21:35:39] [INFO]: O usuário entrou...
[2021-05-14 22:34:13] [INFO]: O usuário entrou...
[2021-05-14 22:45:33] [INFO]: O usuário entrou...
[2021-05-14 22:45:38] [INFO]: O usuário entrou...
[2021-05-14 22:45:39] [INFO]: O usuário entrou...
[2021-05-14 22:46:06] [INFO]: O usuário entrou...
[2021-05-14 22:46:11] [INFO]: O usuário entrou...
[2021-05-14 22:46:12] [INFO]: O usuário entrou...
[2021-05-14 22:46:14] [INFO]: O usuário entrou...
[2021-05-14 22:46:19] [INFO]: O usuário entrou...
[2021-05-14 22:47:41] [INFO]: O usuário entrou...
[2021-05-14 22:47:52] [INFO]: O usuário entrou...
[2021-05-14 22:50:17] [INFO]: O usuário entrou...
[2021-05-14 22:50:25] [INFO]: O usuário entrou...
[2021-05-14 22:50:27] [INFO]: O usuário entrou...
[2021-05-14 22:51:08] [INFO]: O usuário entrou...
[2021-05-14 22:51:20] [INFO]: O usuário entrou...
[2021-05-14 22:51:32] [INFO]: O usuário entrou...
[2021-05-14 22:54:36] [INFO]: O usuário entrou...
[2021-05-14 22:54:43] [INFO]: O usuário entrou...
[2021-05-14 22:55:35] [INFO]: O usuário entrou...
[2021-05-14 22:55:37] [INFO]: O usuário entrou...
[2021-05-14 22:57:14] [INFO]: O usuário entrou...
[2021-05-14 22:57:25] [INFO]: O usuário entrou...
[2021-05-14 22:57:42] [INFO]: O usuário entrou...
[2021-05-14 22:57:55] [INFO]: O usuário entrou...
[2021-05-14 22:57:59] [INFO]: O usuário entrou...
[2021-05-14 22:59:35] [INFO]: O usuário entrou...
[2021-05-14 23:03:13] [INFO]: O usuário entrou...
[2021-05-14 23:05:25] [INFO]: O usuário entrou...
[2021-05-14 23:05:26] [INFO]: O usuário entrou...
[2021-05-14 23:05:53] [INFO]: O usuário entrou...
[2021-05-14 23:06:04] [INFO]: O usuário entrou...
[2021-05-14 23:06:06] [INFO]: O usuário entrou...
[2021-05-14 23:07:59] [INFO]: O usuário entrou...
[2021-05-14 23:08:01] [INFO]: O usuário entrou...
[2021-05-14 23:08:02] [INFO]: O usuário entrou...
[2021-05-14 23:08:09] [INFO]: O usuário entrou...
[2021-05-14 23:09:24] [INFO]: O usuário entrou...
[2021-05-14 23:09:26] [INFO]: O usuário entrou...
[2021-05-14 23:10:58] [INFO]: O usuário entrou...
[2021-05-14 23:16:44] [INFO]: O usuário entrou...
